<local-user>@<local-host>:<PROJECT_ROOT>$ bash scripts/local-offckb-all.sh

[PASS] Base tools are available: Node v22.22.2, npm 10.9.7.

[INFO] Missing system build tools: riscv64-unknown-elf-gcc riscv64-unknown-elf-ar. Installing the required packages.

[INFO] WSL/Linux administrator permission is required once. Enter your Linux sudo password when prompted.
[sudo password prompt omitted] 
[sudo password prompt omitted] 
Hit:1 https://dl.google.com/linux/chrome-stable/deb stable InRelease
Hit:2 https://deb.nodesource.com/node_22.x nodistro InRelease                                                                         
Hit:3 http://archive.ubuntu.com/ubuntu jammy InRelease                                                                                
Hit:4 http://security.ubuntu.com/ubuntu jammy-security InRelease                                         
Get:5 http://archive.ubuntu.com/ubuntu jammy-updates InRelease [128 kB]                                 
Hit:6 https://ppa.launchpadcontent.net/deadsnakes/ppa/ubuntu jammy InRelease      
Hit:7 http://archive.ubuntu.com/ubuntu jammy-backports InRelease
Get:8 http://archive.ubuntu.com/ubuntu jammy-updates/main amd64 Packages [3633 kB]
Get:9 http://archive.ubuntu.com/ubuntu jammy-updates/main Translation-en [544 kB]
Get:10 http://archive.ubuntu.com/ubuntu jammy-updates/universe amd64 Packages [1277 kB]
Fetched 5582 kB in 4s (1300 kB/s)                          
Reading package lists... Done
Reading package lists... Done
Building dependency tree... Done
Reading state information... Done
build-essential is already the newest version (12.9ubuntu3).
make is already the newest version (4.3-4.1build1).
pkg-config is already the newest version (0.29.2-1ubuntu3).
ca-certificates is already the newest version (20260601~22.04.1).
libssl-dev is already the newest version (3.0.2-0ubuntu1.25).
The following NEW packages will be installed:
  binutils-riscv64-unknown-elf gcc-riscv64-unknown-elf
0 upgraded, 2 newly installed, 0 to remove and 20 not upgraded.
Need to get 39.3 MB of archives.
After this operation, 221 MB of additional disk space will be used.
Get:1 http://archive.ubuntu.com/ubuntu jammy/universe amd64 binutils-riscv64-unknown-elf amd64 2.35.1-0ubuntu1 [2386 kB]
Get:2 http://archive.ubuntu.com/ubuntu jammy/universe amd64 gcc-riscv64-unknown-elf amd64 10.2.0-0ubuntu1 [37.0 MB]
Fetched 39.3 MB in 5s (8297 kB/s)                  
Selecting previously unselected package binutils-riscv64-unknown-elf.
(Reading database ... 295481 files and directories currently installed.)
Preparing to unpack .../binutils-riscv64-unknown-elf_2.35.1-0ubuntu1_amd64.deb ...
Unpacking binutils-riscv64-unknown-elf (2.35.1-0ubuntu1) ...
Selecting previously unselected package gcc-riscv64-unknown-elf.
Preparing to unpack .../gcc-riscv64-unknown-elf_10.2.0-0ubuntu1_amd64.deb ...
Unpacking gcc-riscv64-unknown-elf (10.2.0-0ubuntu1) ...
Setting up binutils-riscv64-unknown-elf (2.35.1-0ubuntu1) ...
Setting up gcc-riscv64-unknown-elf (10.2.0-0ubuntu1) ...
Processing triggers for man-db (2.10.2-1) ...
[PASS] Build tools installed: GNU Make 4.3; riscv64-unknown-elf-gcc () 10.2.0.
info: syncing channel updates for stable-x86_64-unknown-linux-gnu
info: checking for self-update (current version: 1.29.0)
info: using existing install for stable-x86_64-unknown-linux-gnu
info: default toolchain set to stable-x86_64-unknown-linux-gnu
info: component rustfmt is up to date
info: component rust-std for target riscv64imac-unknown-none-elf is up to date
[PASS] Rust rustc 1.97.0 (2d8144b78 2026-07-07) and CKB RISC-V target are ready.

[INFO] npm registry before override: https://registry.npmjs.org/
[PASS] npm is configured to use the public registry for this run.

[INFO] Preparing JavaScript dependencies.

[INFO] Checking access to the public npm registry.
[PASS] Public npm registry is reachable.

[INFO] Installing pinned JavaScript dependencies from registry.npmjs.org.

added 136 packages in 60s
[PASS] JavaScript dependencies are ready.
[PASS] Selected the first prefunded OffCKB account: ckt1qzda0cr08m85hc8jlnfp3zer7xulejywt49kt2rr0vthywaa50xwsqvwg2cen8extgq8s5puft8vf40px3f599cytcyd8

[INFO] Starting a local OffCKB blockchain. The first launch may download the CKB binary.
[PASS] OffCKB RPC is responding at http://127.0.0.1:28114.

[INFO] Exporting OffCKB devnet system Script information.
(node:2753) [DEP0040] DeprecationWarning: The `punycode` module is deprecated. Please use a userland alternative instead.
(Use `node --trace-deprecation ...` to show where the warning was created)
[PASS] Devnet system Scripts exported.

[INFO] Deriving the issuer Lock Script hash and updating .env.

> ckb-degree-proof@1.0.0 offckb:configure
> node src/cli/offckb-local.js configure

{
  "address": "ckt1qzda0cr08m85hc8jlnfp3zer7xulejywt49kt2rr0vthywaa50xwsqvwg2cen8extgq8s5puft8vf40px3f599cytcyd8",
  "lockScript": {
    "codeHash": "0x9bd7e06f3ecf4be0f2fcd2188b23f1b9fcc88e5d4b65a8637b17723bbda3cce8",
    "hashType": "type",
    "args": "0x8e42b1999f265a0078503c4acec4d5e134534297"
  },
  "lockHash": "0x7de82d61a7eb2ec82b0dc653e558ba120efcbfbb44dac87c12972d05bf250653"
}
(node:2775) [DEP0040] DeprecationWarning: The `punycode` module is deprecated. Please use a userland alternative instead.
(Use `node --trace-deprecation ...` to show where the warning was created)
[PASS] All required .env values are present.
[PASS] Environment formats are valid.
[PASS] CKB RPC responded.
[PASS] Node.js v22.22.2 is supported.

[INFO] Running the complete offline application test suite and credential demo.

> ckb-degree-proof@1.0.0 test
> node --test --test-reporter=spec

✔ valid credential passes all requested checks and omits raw identity (21.039602ms)
✔ modified document is rejected (12.365143ms)
✔ tampered signed payload is rejected (9.821755ms)
✔ unknown issuer is rejected (7.117067ms)
✔ revoked credential is rejected and binary matches Rust layout (10.663651ms)
✔ duplicate mint and second revocation are rejected (9.874255ms)
✔ local verifier detects attempted reactivation after a signed revocation (7.927164ms)
✔ environment parser handles comments and quoted values (2.24589ms)
✔ environment validator rejects missing and malformed lock hash (1.066195ms)
(node:3664) [DEP0040] DeprecationWarning: The `punycode` module is deprecated. Please use a userland alternative instead.
(Use `node --trace-deprecation ...` to show where the warning was created)
✔ OffCKB configuration derives the exact first-account Lock Script hash (62.967966ms)
✔ deployment parser accepts the OffCKB scripts.json structure (1.83649ms)
ℹ tests 11
ℹ suites 0
ℹ pass 11
ℹ fail 0
ℹ cancelled 0
ℹ skipped 0
ℹ todo 0
ℹ duration_ms 8927.472208

> ckb-degree-proof@1.0.0 demo
> node src/cli/demo.js


=== 1. MINT ===
Minted CKB-DEGREE-2026-0001 as ACTIVE.

=== 2. VERIFY ORIGINAL ===
[PASS] credential_exists
[PASS] schema
[PASS] trusted_issuer
[PASS] issuer_key
[PASS] credential_signature
[PASS] document_hash
[PASS] recipient_binding
[PASS] identity_commitment
[PASS] revocation_status
RESULT: VALID

=== 3. VERIFY MODIFIED DOCUMENT ===
[PASS] credential_exists
[PASS] schema
[PASS] trusted_issuer
[PASS] issuer_key
[PASS] credential_signature
[FAIL] document_hash
[PASS] revocation_status
RESULT: INVALID

=== 4. REVOKE ===
Revocation recorded and 75-byte CKB Cell data generated.

=== 5. VERIFY AFTER REVOCATION ===
[PASS] credential_exists
[PASS] schema
[PASS] trusted_issuer
[PASS] issuer_key
[PASS] credential_signature
[PASS] document_hash
[PASS] revocation_signature
[FAIL] revocation_status
RESULT: INVALID

Demo complete. Expected results: original valid, modified invalid, revoked invalid.

[INFO] Formatting, building, and testing the Rust CKB Type Script.
[PASS] Using CKB C toolchain: riscv64-unknown-elf-gcc / riscv64-unknown-elf-ar
Cleaning build/release directory...
mkdir -p build/release
make[1]: Entering directory '<PROJECT_ROOT>/digital-credentials-workspace/contracts/credential-revocation'
RUSTFLAGS="-C target-feature=+zba,+zbb,+zbc,+zbs -C passes=lower-atomic -C debug-assertions" TARGET_CC="riscv64-unknown-elf-gcc" TARGET_AR="riscv64-unknown-elf-ar" \
        cargo build --target=riscv64imac-unknown-none-elf --release 
    Updating crates.io index
     Locking 206 packages to latest compatible versions
      Adding ckb-std v0.17.2 (available: v1.1.0)
      Adding ckb-testtool v0.15.1 (available: v1.1.1)
      Adding ckb-vm v0.24.13 (available: v0.24.14)
      Adding ckb-vm-definitions v0.24.13 (available: v0.24.14)
      Adding generic-array v0.14.7 (available: v0.14.9)
      Adding goblin v0.4.0 (available: v0.4.3)
   Compiling shlex v2.0.1
   Compiling find-msvc-tools v0.1.9
   Compiling cfg-if v1.0.4
   Compiling bytes v1.12.1
   Compiling blake2b-ref v0.3.1
   Compiling buddy-alloc v0.6.0
   Compiling gcd v2.3.0
   Compiling cc v1.2.67
   Compiling ckb-hash v0.200.0
   Compiling molecule v0.8.0
   Compiling ckb-gen-types v0.200.0
   Compiling ckb-std v0.17.2
   Compiling credential-revocation v1.0.0 (<PROJECT_ROOT>/digital-credentials-workspace/contracts/credential-revocation)
    Finished `release` profile [optimized] target(s) in 28.77s
Copying binary credential-revocation to build directory
make[1]: Leaving directory '<PROJECT_ROOT>/digital-credentials-workspace/contracts/credential-revocation'
cargo test 
  Downloaded adler2 v2.0.1
  Downloaded block-buffer v0.10.4
  Downloaded miette-derive v5.10.0
  Downloaded phf_codegen v0.8.0
  Downloaded bitcoin-io v0.1.101
  Downloaded blake2b-rs v0.2.0
  Downloaded ckb-always-success-script v0.0.1
  Downloaded plain v0.2.3
  Downloaded same-file v1.0.6
  Downloaded phf_shared v0.8.0
  Downloaded heapsize v0.4.2
  Downloaded rand_chacha v0.3.1
  Downloaded phf_generator v0.8.0
  Downloaded rand_chacha v0.2.2
  Downloaded rand_pcg v0.2.1
  Downloaded rustc_version v0.4.1
  Downloaded futures-macro v0.3.32
  Downloaded scroll_derive v0.10.5
  Downloaded sha1 v0.10.7
  Downloaded numext-fixed-uint v0.1.6
  Downloaded unicode-xid v0.2.6
  Downloaded version_check v0.9.5
  Downloaded numext-fixed-uint-core v0.1.6
  Downloaded futures-task v0.3.32
  Downloaded sha-1 v0.10.1
  Downloaded tokio-macros v2.7.0
  Downloaded phf v0.8.0
  Downloaded siphasher v0.3.11
  Downloaded ppv-lite86 v0.2.21
  Downloaded dyn-clone v1.0.20
  Downloaded pin-project-lite v0.2.17
  Downloaded rand_core v0.5.1
  Downloaded scroll v0.10.2
  Downloaded reflink-copy v0.1.30
  Downloaded rand_core v0.6.4
  Downloaded thiserror v1.0.69
  Downloaded slab v0.4.12
  Downloaded thiserror-impl v1.0.69
  Downloaded xxhash-rust v0.8.16
  Downloaded includedir_codegen v0.6.0
  Downloaded crypto-common v0.1.7
  Downloaded serde_derive_internals v0.26.0
  Downloaded sha2 v0.10.9
  Downloaded simd-adler32 v0.3.9
  Downloaded ssri v9.2.0
  Downloaded cty v0.2.2
  Downloaded paste v1.0.15
  Downloaded quote v1.0.46
  Downloaded semver v1.0.28
  Downloaded walkdir v2.5.0
  Downloaded zmij v1.0.23
  Downloaded convert_case v0.4.0
  Downloaded numext-constructor v0.1.6
  Downloaded once_cell v1.21.4
  Downloaded serde_core v1.0.228
  Downloaded serde_derive v1.0.228
  Downloaded tempfile v3.27.0
  Downloaded tokio-stream v0.1.18
  Downloaded toml v0.5.11
  Downloaded unicode-ident v1.0.24
  Downloaded proc-macro2 v1.0.106
  Downloaded cpufeatures v0.2.17
  Downloaded rand v0.8.7
  Downloaded serde v1.0.228
  Downloaded secp256k1 v0.30.0
  Downloaded errno v0.3.14
  Downloaded futures-sink v0.3.32
  Downloaded rand v0.7.3
  Downloaded typenum v1.20.1
  Downloaded futures-io v0.3.32
  Downloaded serde_json v1.0.150
  Downloaded syn v1.0.109
  Downloaded unicode-width v0.1.14
  Downloaded zerocopy v0.8.54
  Downloaded syn v2.0.118
  Downloaded rustix v1.1.4
  Downloaded tokio v1.52.3
  Downloaded eaglesong v0.1.0
  Downloaded lru v0.7.8
  Downloaded secp256k1-sys v0.10.1
  Downloaded generic-array v0.14.7
  Downloaded faster-hex v0.6.1
  Downloaded golomb-coded-set v0.2.1
  Downloaded hex v0.4.3
  Downloaded includedir v0.6.0
  Downloaded lazy_static v1.5.0
  Downloaded merkle-cbt v0.3.2
  Downloaded bitcoin-internals v0.5.0
  Downloaded byteorder v1.5.0
  Downloaded bitflags v1.3.2
  Downloaded ckb-merkle-mountain-range v0.5.2
  Downloaded digest v0.10.7
  Downloaded numext-fixed-uint-hack v0.1.6
  Downloaded ckb-dao-utils v0.200.0
  Downloaded ckb-fixed-hash-macros v0.200.0
  Downloaded ckb-logger v0.200.0
  Downloaded ckb-occupied-capacity-core v0.200.0
  Downloaded ckb-mock-tx-types v0.200.1
  Downloaded ckb-rational v0.200.0
  Downloaded ahash v0.7.8
  Downloaded ckb-occupied-capacity-macros v0.200.0
  Downloaded ckb-dao v0.200.0
  Downloaded ckb-fixed-hash v0.200.0
  Downloaded ckb-pow v0.200.0
  Downloaded futures-executor v0.3.32
  Downloaded ckb-crypto v0.200.0
  Downloaded ckb-occupied-capacity v0.200.0
  Downloaded ckb-channel v0.200.0
  Downloaded ckb-constant v0.200.0
  Downloaded ckb-error v0.200.0
  Downloaded ckb-fixed-hash-core v0.200.0
  Downloaded ckb-traits v0.200.0
  Downloaded ckb-verification-traits v0.200.0
  Downloaded ckb-vm-definitions v0.24.13
  Downloaded ckb-systemtime v0.200.0
  Downloaded ckb-testtool v0.15.1
  Downloaded either v1.16.0
  Downloaded getrandom v0.1.16
  Downloaded hex-conservative v0.3.2
  Downloaded futures-core v0.3.32
  Downloaded hex-conservative v0.2.2
  Downloaded memmap2 v0.5.10
  Downloaded fastrand v2.4.1
  Downloaded bit-vec v0.6.3
  Downloaded bitcoin-consensus-encoding v1.0.0
  Downloaded arrayvec v0.7.8
  Downloaded crossbeam-utils v0.8.22
  Downloaded ckb-chain-spec v0.200.0
  Downloaded getrandom v0.2.17
  Downloaded ckb-verification v0.200.0
  Downloaded crc32fast v1.5.0
  Downloaded itoa v1.0.18
  Downloaded futures-channel v0.3.32
  Downloaded anyhow v1.0.103
  Downloaded bitcoin_hashes v0.14.101
  Downloaded bitflags v2.13.0
  Downloaded cacache v13.1.0
  Downloaded ckb-resource v0.200.0
  Downloaded derive_more v0.99.20
  Downloaded log v0.4.33
  Downloaded ckb-jsonrpc-types v0.200.0
  Downloaded ckb_schemars_derive v0.8.22
  Downloaded getrandom v0.4.3
  Downloaded derive_more-impl v1.0.0
  Downloaded futures v0.3.32
  Downloaded derive_more v1.0.0
  Downloaded ckb-types v0.200.0
  Downloaded miniz_oxide v0.8.9
  Downloaded base64 v0.21.7
  Downloaded crossbeam-channel v0.5.16
  Downloaded ckb_schemars v0.8.22
  Downloaded flate2 v1.1.9
  Downloaded miette v5.10.0
  Downloaded hashbrown v0.12.3
  Downloaded memchr v2.8.3
  Downloaded ckb-vm v0.24.13
  Downloaded goblin v0.4.0
  Downloaded goblin v0.2.3
  Downloaded futures-util v0.3.32
  Downloaded libc v0.2.186
  Downloaded ckb-system-scripts v0.5.4
  Downloaded ckb-script v0.200.0
  Downloaded linux-raw-sys v0.12.1
  Downloaded 163 crates (15.3MiB) in 16.38s (largest was `linux-raw-sys` at 2.9MiB)
   Compiling proc-macro2 v1.0.106
   Compiling quote v1.0.46
   Compiling unicode-ident v1.0.24
   Compiling cfg-if v1.0.4
   Compiling serde_core v1.0.228
   Compiling serde v1.0.228
   Compiling syn v1.0.109
   Compiling getrandom v0.1.16
   Compiling zerocopy v0.8.54
   Compiling thiserror v1.0.69
   Compiling libc v0.2.186
   Compiling shlex v2.0.1
   Compiling find-msvc-tools v0.1.9
   Compiling cc v1.2.67
   Compiling zmij v1.0.23
   Compiling serde_json v1.0.150
   Compiling itoa v1.0.18
   Compiling syn v2.0.118
   Compiling faster-hex v0.6.1
   Compiling ckb_schemars v0.8.22
   Compiling heapsize v0.4.2
   Compiling dyn-clone v1.0.20
   Compiling rand_core v0.5.1
   Compiling blake2b-rs v0.2.0
   Compiling rand_pcg v0.2.1
   Compiling memchr v2.8.3
   Compiling cty v0.2.2
   Compiling anyhow v1.0.103
   Compiling unicode-xid v0.2.6
   Compiling serde_derive_internals v0.26.0
   Compiling siphasher v0.3.11
   Compiling blake2b-ref v0.3.1
   Compiling version_check v0.9.5
   Compiling ppv-lite86 v0.2.21
   Compiling ckb_schemars_derive v0.8.22
   Compiling numext-constructor v0.1.6
   Compiling paste v1.0.15
   Compiling crossbeam-utils v0.8.22
   Compiling rand_chacha v0.2.2
   Compiling rand v0.7.3
   Compiling ckb-hash v0.200.0
   Compiling phf_shared v0.8.0
   Compiling crc32fast v1.5.0
   Compiling crossbeam-channel v0.5.16
   Compiling generic-array v0.14.7
   Compiling golomb-coded-set v0.2.1
   Compiling merkle-cbt v0.3.2
   Compiling ckb-merkle-mountain-range v0.5.2
   Compiling serde_derive v1.0.228
   Compiling thiserror-impl v1.0.69
   Compiling derive_more-impl v1.0.0
   Compiling ckb-channel v0.200.0
   Compiling simd-adler32 v0.3.9
   Compiling ckb-constant v0.200.0
   Compiling adler2 v2.0.1
   Compiling bit-vec v0.6.3
   Compiling miniz_oxide v0.8.9
   Compiling typenum v1.20.1
   Compiling same-file v1.0.6
   Compiling walkdir v2.5.0
   Compiling phf_generator v0.8.0
   Compiling flate2 v1.1.9
   Compiling phf_codegen v0.8.0
   Compiling getrandom v0.2.17
   Compiling once_cell v1.21.4
   Compiling includedir_codegen v0.6.0
   Compiling futures-core v0.3.32
   Compiling pin-project-lite v0.2.17
   Compiling derive_more v1.0.0
   Compiling phf v0.8.0
   Compiling log v0.4.33
   Compiling cpufeatures v0.2.17
   Compiling block-buffer v0.10.4
   Compiling crypto-common v0.1.7
   Compiling rustix v1.1.4
   Compiling futures-sink v0.3.32
   Compiling digest v0.10.7
   Compiling futures-channel v0.3.32
   Compiling includedir v0.6.0
   Compiling ckb-system-scripts v0.5.4
   Compiling futures-macro v0.3.32
   Compiling secp256k1-sys v0.10.1
   Compiling linux-raw-sys v0.12.1
   Compiling futures-io v0.3.32
   Compiling slab v0.4.12
   Compiling bitflags v2.13.0
   Compiling getrandom v0.4.3
   Compiling futures-task v0.3.32
   Compiling rand_core v0.6.4
   Compiling tokio-macros v2.7.0
   Compiling miette-derive v5.10.0
   Compiling futures-util v0.3.32
   Compiling byteorder v1.5.0
   Compiling unicode-width v0.1.14
   Compiling numext-fixed-uint-core v0.1.6
   Compiling bytes v1.12.1
   Compiling ckb-occupied-capacity-core v0.200.0
   Compiling ckb-occupied-capacity-macros v0.200.0
   Compiling molecule v0.8.0
   Compiling ckb-occupied-capacity v0.200.0
   Compiling ckb-fixed-hash-core v0.200.0
   Compiling ckb-error v0.200.0
   Compiling miette v5.10.0
   Compiling tokio v1.52.3
   Compiling ckb-fixed-hash-macros v0.200.0
   Compiling futures-executor v0.3.32
   Compiling rand_chacha v0.3.1
   Compiling sha2 v0.10.9
   Compiling ckb-fixed-hash v0.200.0
   Compiling sha-1 v0.10.1
   Compiling scroll_derive v0.10.5
   Compiling fastrand v2.4.1
   Compiling hex v0.4.3
   Compiling base64 v0.21.7
   Compiling xxhash-rust v0.8.16
   Compiling tempfile v3.27.0
   Compiling ssri v9.2.0
   Compiling scroll v0.10.2
   Compiling secp256k1 v0.30.0
   Compiling rand v0.8.7
   Compiling futures v0.3.32
   Compiling reflink-copy v0.1.30
   Compiling sha1 v0.10.7
   Compiling ahash v0.7.8
   Compiling memmap2 v0.5.10
   Compiling eaglesong v0.1.0
   Compiling either v1.16.0
   Compiling plain v0.2.3
   Compiling tokio-stream v0.1.18
   Compiling ckb-crypto v0.200.0
   Compiling toml v0.5.11
   Compiling ckb-logger v0.200.0
   Compiling ckb-vm v0.24.13
   Compiling convert_case v0.4.0
   Compiling cacache v13.1.0
   Compiling derive_more v0.99.20
   Compiling numext-fixed-uint-hack v0.1.6
   Compiling goblin v0.4.0
   Compiling goblin v0.2.3
   Compiling ckb-vm-definitions v0.24.13
   Compiling ckb-script v0.200.0
   Compiling hashbrown v0.12.3
   Compiling numext-fixed-uint v0.1.6
   Compiling ckb-gen-types v0.200.0
   Compiling ckb-rational v0.200.0
   Compiling ckb-std v0.17.2
   Compiling bitflags v1.3.2
   Compiling ckb-verification-traits v0.200.0
   Compiling lru v0.7.8
   Compiling ckb-systemtime v0.200.0
   Compiling gcd v2.3.0
   Compiling buddy-alloc v0.6.0
   Compiling ckb-always-success-script v0.0.1
   Compiling lazy_static v1.5.0
   Compiling ckb-types v0.200.0
   Compiling credential-revocation v1.0.0 (<PROJECT_ROOT>/digital-credentials-workspace/contracts/credential-revocation)
   Compiling ckb-jsonrpc-types v0.200.0
   Compiling ckb-traits v0.200.0
   Compiling ckb-pow v0.200.0
   Compiling ckb-dao-utils v0.200.0
   Compiling ckb-resource v0.200.0
   Compiling ckb-chain-spec v0.200.0
   Compiling ckb-mock-tx-types v0.200.1
   Compiling ckb-dao v0.200.0
   Compiling ckb-verification v0.200.0
   Compiling ckb-testtool v0.15.1
   Compiling tests v1.0.0 (<PROJECT_ROOT>/digital-credentials-workspace/tests)
    Finished `test` profile [unoptimized + debuginfo] target(s) in 2m 05s
     Running unittests src/lib.rs (target/debug/deps/credential_revocation-31808f28daf1b291)

running 0 tests

test result: ok. 0 passed; 0 failed; 0 ignored; 0 measured; 0 filtered out; finished in 0.00s

     Running unittests src/main.rs (target/debug/deps/credential_revocation-3bb3e278aaa665c2)

running 2 tests
test unit_tests::creation_requires_clean_active_state ... ok
test unit_tests::update_is_irreversible ... ok

test result: ok. 2 passed; 0 failed; 0 ignored; 0 measured; 0 filtered out; finished in 0.00s

     Running unittests src/lib.rs (target/debug/deps/tests-8d41d3487e58e9dc)

running 11 tests
test tests::create_active_record ... ok
test tests::reject_credential_id_change ... ok
test tests::reject_missing_timestamp ... ok
test tests::reject_invalid_data_length ... ok
test tests::reject_multiple_output_records ... ok
test tests::reject_initial_revoked_state ... ok
test tests::reject_reactivation ... ok
test tests::reject_missing_reason_code ... ok
test tests::reject_record_destruction ... ok
test tests::reject_unauthorized_creation ... ok
test tests::revoke_active_record ... ok

test result: ok. 11 passed; 0 failed; 0 ignored; 0 measured; 0 filtered out; finished in 0.08s

   Doc-tests credential_revocation

running 0 tests

test result: ok. 0 passed; 0 failed; 0 ignored; 0 measured; 0 filtered out; finished in 0.00s

   Doc-tests tests

running 0 tests

test result: ok. 0 passed; 0 failed; 0 ignored; 0 measured; 0 filtered out; finished in 0.00s

[PASS] Rust contract built and all positive/negative tests passed.

[INFO] Deploying the Rust contract to local OffCKB without a confirmation prompt.
🚀 Preparing to deploy 1 contract(s):
   📄 credential-revocation

   📁 Deployment artifacts will be saved to: <PROJECT_ROOT>/deployment
   🌐 Network: devnet
   🔑 Using custom private key
   🔄 Type ID: disabled (immutable)
(node:20899) [DEP0040] DeprecationWarning: The `punycode` module is deprecated. Please use a userland alternative instead.
(Use `node --trace-deprecation ...` to show where the warning was created)
contract credential-revocation deployed, tx hash: 0x59bbd2c35c2127be21489b9f0f85ff6e8a3cb50d350aa85caac39d0d6d2368cf
wait for tx confirmed on-chain...
tx committed.

📦 Saving deployment artifacts for 1 contract(s)...
- 📄 Saving artifacts for credential-revocation...
- credential-revocation deployment.toml file <PROJECT_ROOT>/deployment/devnet/credential-revocation/deployment.toml generated successfully.
- Migration json file <PROJECT_ROOT>/deployment/devnet/credential-revocation/migrations/2026-07-14-230629.json generated successfully.
- ✅ Successfully saved artifacts for credential-revocation
- 📄 Script info file generated: <PROJECT_ROOT>/deployment/scripts.json

🎉 All deployment artifacts saved successfully!
[PASS] Contract deployment completed.

[INFO] Running the real on-chain ACTIVE -> REVOKED lifecycle.

> ckb-degree-proof@1.0.0 offckb:lifecycle
> node src/cli/offckb-local.js lifecycle CKB-DEGREE-LOCAL-20260714230026

(node:22257) [DEP0040] DeprecationWarning: The `punycode` module is deprecated. Please use a userland alternative instead.
(Use `node --trace-deprecation ...` to show where the warning was created)
{
  "credentialId": "CKB-DEGREE-LOCAL-20260714230026",
  "active": {
    "credentialId": "CKB-DEGREE-LOCAL-20260714230026",
    "credentialHash": "0x8476eb29d2dea9e95443df3b9d39b2b8720238503be4a5f4d8581a5fff44c7f4",
    "status": "ACTIVE",
    "txHash": "0xf87a22dc73eba45646199263d52e8708f5de6c00d1b4bd6f546c867b36ea5637",
    "outPoint": {
      "txHash": "0xf87a22dc73eba45646199263d52e8708f5de6c00d1b4bd6f546c867b36ea5637",
      "index": 0
    },
    "issuerLockHash": "0x7de82d61a7eb2ec82b0dc653e558ba120efcbfbb44dac87c12972d05bf250653",
    "typeScript": {
      "codeHash": "0x61d275873bc434e8c84cd9556e6e13feb879b8be2878f16fa204575544ce50d0",
      "hashType": "data2",
      "args": "0x7de82d61a7eb2ec82b0dc653e558ba120efcbfbb44dac87c12972d05bf250653"
    }
  },
  "activeCheck": {
    "found": true,
    "status": "ACTIVE",
    "outPoint": {
      "txHash": "0xf87a22dc73eba45646199263d52e8708f5de6c00d1b4bd6f546c867b36ea5637",
      "index": 0
    },
    "record": {
      "version": 1,
      "status": 0,
      "credentialHash": "0x8476eb29d2dea9e95443df3b9d39b2b8720238503be4a5f4d8581a5fff44c7f4",
      "issuerLockHash": "0x7de82d61a7eb2ec82b0dc653e558ba120efcbfbb44dac87c12972d05bf250653",
      "reasonCode": 0,
      "revokedAt": "0"
    }
  },
  "revocation": {
    "credentialId": "CKB-DEGREE-LOCAL-20260714230026",
    "status": "REVOKED",
    "reasonCode": 1,
    "revokedAt": "1784045236",
    "txHash": "0x19b80e7e307580b45a19269c48c2bf9ee19e5931133efd212c9dac00658ecf5a",
    "outPoint": {
      "txHash": "0x19b80e7e307580b45a19269c48c2bf9ee19e5931133efd212c9dac00658ecf5a",
      "index": 0
    },
    "spentActiveOutPoint": {
      "txHash": "0xf87a22dc73eba45646199263d52e8708f5de6c00d1b4bd6f546c867b36ea5637",
      "index": 0
    }
  },
  "finalCheck": {
    "found": true,
    "status": "REVOKED",
    "outPoint": {
      "txHash": "0x19b80e7e307580b45a19269c48c2bf9ee19e5931133efd212c9dac00658ecf5a",
      "index": 0
    },
    "record": {
      "version": 1,
      "status": 1,
      "credentialHash": "0x8476eb29d2dea9e95443df3b9d39b2b8720238503be4a5f4d8581a5fff44c7f4",
      "issuerLockHash": "0x7de82d61a7eb2ec82b0dc653e558ba120efcbfbb44dac87c12972d05bf250653",
      "reasonCode": 1,
      "revokedAt": "1784045236"
    }
  },
  "completedAt": "2026-07-14T16:07:32.144Z"
}

[INFO] Checking the final live Cell state from the OffCKB indexer.
(node:27561) [DEP0040] DeprecationWarning: The `punycode` module is deprecated. Please use a userland alternative instead.
(Use `node --trace-deprecation ...` to show where the warning was created)
{
  "found": true,
  "status": "REVOKED",
  "outPoint": {
    "txHash": "0x19b80e7e307580b45a19269c48c2bf9ee19e5931133efd212c9dac00658ecf5a",
    "index": 0
  },
  "record": {
    "version": 1,
    "status": 1,
    "credentialHash": "0x8476eb29d2dea9e95443df3b9d39b2b8720238503be4a5f4d8581a5fff44c7f4",
    "issuerLockHash": "0x7de82d61a7eb2ec82b0dc653e558ba120efcbfbb44dac87c12972d05bf250653",
    "reasonCode": 1,
    "revokedAt": "1784045236"
  }
}
[PASS] The local chain contains the irreversible REVOKED record.
2fb86c4892f0308e34da1632b5fc263a570fb0ab1d2f0284b0d2cb417a7cf46a  <PROJECT_ROOT>/digital-credentials-workspace/build/release/credential-revocation

============================================================
LOCAL OFFCKB LEVEL-2 RUN COMPLETED SUCCESSFULLY
============================================================
Network:                 local OffCKB devnet only
RPC:                     http://127.0.0.1:28114
Credential ID:           CKB-DEGREE-LOCAL-20260714230026
Issuer address:          ckt1qzda0cr08m85hc8jlnfp3zer7xulejywt49kt2rr0vthywaa50xwsqvwg2cen8extgq8s5puft8vf40px3f599cytcyd8
Issuer Lock Script hash: 0x7de82d61a7eb2ec82b0dc653e558ba120efcbfbb44dac87c12972d05bf250653
Deployment record:       deployment/scripts.json
Lifecycle evidence:      data/offckb-chain-state.json
Contract checksum:       data/credential-revocation.sha256
Node log:                data/logs/offckb-node.log

No testnet or mainnet was used.
The private development key is stored locally in:
  secrets/offckb-issuer-private-key
It is ignored by Git and must never be used with real assets.
============================================================

[INFO] Stopping the OffCKB process started by this script.